{"name": "test_check_out_clik", "status": "broken", "statusDetails": {"message": "selenium.common.exceptions.TimeoutException: Message: \nStacktrace:\n\tGetHandleVerifier [0x0x7ff64cd430f5+79493]\n\tGetHandleVerifier [0x0x7ff64cd43150+79584]\n\t(No symbol) [0x0x7ff64cac01ba]\n\t(No symbol) [0x0x7ff64cb18067]\n\t(No symbol) [0x0x7ff64cb1832c]\n\t(No symbol) [0x0x7ff64cb6be27]\n\t(No symbol) [0x0x7ff64cb4074f]\n\t(No symbol) [0x0x7ff64cb68b8b]\n\t(No symbol) [0x0x7ff64cb404e3]\n\t(No symbol) [0x0x7ff64cb08e92]\n\t(No symbol) [0x0x7ff64cb09c63]\n\tGetHandleVerifier [0x0x7ff64d000dbd+2954061]\n\tGetHandleVerifier [0x0x7ff64cffb02a+2930106]\n\tGetHandleVerifier [0x0x7ff64d01b357+3061991]\n\tGetHandleVerifier [0x0x7ff64cd5d60e+187294]\n\tGetHandleVerifier [0x0x7ff64cd6557f+219919]\n\tGetHandleVerifier [0x0x7ff64cd4c294+116772]\n\tGetHandleVerifier [0x0x7ff64cd4c449+117209]\n\tGetHandleVerifier [0x0x7ff64cd32618+11176]\n\tBaseThreadInitThunk [0x0x7ffdf8327374+20]\n\tRtlUserThreadStart [0x0x7ffdf8d7cc91+33]", "trace": "self = <test_site_saucedemo.TestSite object at 0x0000021F5AA3C7F0>\n\n    @allure.epic(\"Saucedemo Tests\")\n    @allure.feature(\"Оформление заказа\")\n    @allure.story(\"Полный процесс checkout\")\n    @allure.severity(allure.severity_level.CRITICAL)\n    def test_check_out_clik(self):\n        with allure.step(\"Загружаем куки и переходим к оформлению\"):\n            self.driver.get(\"https://www.saucedemo.com\")\n            self.cookie_manager.load()\n            self.driver.get(\"https://www.saucedemo.com/checkout-step-one.html\")\n    \n        with allure.step(\"Заполняем данные для доставки\"):\n>           self.complete_check.check_enter_first_name()\n\ntest\\test_site_saucedemo.py:81: \n_ _ _ _ _ _ _ _ _ _ _ _ _ _ _ _ _ _ _ _ _ _ _ _ _ _ _ _ _ _ _ _ _ _ _ _ _ _ _ _ _ _ _ _ _ _ _ _ _ _ _ _ _ _ _ _ _ _ _ _ _ _ _ _ _ _ \npages\\checkout_page.py:20: in check_enter_first_name\n    check_first_name: WebElement = self.wait.until(self.EC.element_to_be_clickable(self._FIRST_NAME))\n_ _ _ _ _ _ _ _ _ _ _ _ _ _ _ _ _ _ _ _ _ _ _ _ _ _ _ _ _ _ _ _ _ _ _ _ _ _ _ _ _ _ _ _ _ _ _ _ _ _ _ _ _ _ _ _ _ _ _ _ _ _ _ _ _ _ \n\nself = <selenium.webdriver.support.wait.WebDriverWait (session=\"2c6a9206a4ddb18731024a5248972d81\")>\nmethod = <function element_to_be_clickable.<locals>._predicate at 0x0000021F5AB44670>, message = ''\n\n    def until(self, method: Callable[[D], Union[Literal[False], T]], message: str = \"\") -> T:\n        \"\"\"Wait until the method returns a value that is not False.\n    \n        Calls the method provided with the driver as an argument until the\n        return value does not evaluate to ``False``.\n    \n        Parameters:\n        -----------\n        method: callable(WebDriver)\n            - A callable object that takes a WebDriver instance as an argument.\n    \n        message: str\n            - Optional message for :exc:`TimeoutException`\n    \n        Return:\n        -------\n        object: T\n            - The result of the last call to `method`\n    \n        Raises:\n        -------\n        TimeoutException\n            - If 'method' does not return a truthy value within the WebDriverWait\n            object's timeout\n    \n        Example:\n        --------\n        >>> from selenium.webdriver.common.by import By\n        >>> from selenium.webdriver.support.ui import WebDriverWait\n        >>> from selenium.webdriver.support import expected_conditions as EC\n    \n        # Wait until an element is visible on the page\n        >>> wait = WebDriverWait(driver, 10)\n        >>> element = wait.until(EC.visibility_of_element_located((By.ID, \"exampleId\")))\n        >>> print(element.text)\n        \"\"\"\n        screen = None\n        stacktrace = None\n    \n        end_time = time.monotonic() + self._timeout\n        while True:\n            try:\n                value = method(self._driver)\n                if value:\n                    return value\n            except self._ignored_exceptions as exc:\n                screen = getattr(exc, \"screen\", None)\n                stacktrace = getattr(exc, \"stacktrace\", None)\n            if time.monotonic() > end_time:\n                break\n            time.sleep(self._poll)\n>       raise TimeoutException(message, screen, stacktrace)\nE       selenium.common.exceptions.TimeoutException: Message: \nE       Stacktrace:\nE       \tGetHandleVerifier [0x0x7ff64cd430f5+79493]\nE       \tGetHandleVerifier [0x0x7ff64cd43150+79584]\nE       \t(No symbol) [0x0x7ff64cac01ba]\nE       \t(No symbol) [0x0x7ff64cb18067]\nE       \t(No symbol) [0x0x7ff64cb1832c]\nE       \t(No symbol) [0x0x7ff64cb6be27]\nE       \t(No symbol) [0x0x7ff64cb4074f]\nE       \t(No symbol) [0x0x7ff64cb68b8b]\nE       \t(No symbol) [0x0x7ff64cb404e3]\nE       \t(No symbol) [0x0x7ff64cb08e92]\nE       \t(No symbol) [0x0x7ff64cb09c63]\nE       \tGetHandleVerifier [0x0x7ff64d000dbd+2954061]\nE       \tGetHandleVerifier [0x0x7ff64cffb02a+2930106]\nE       \tGetHandleVerifier [0x0x7ff64d01b357+3061991]\nE       \tGetHandleVerifier [0x0x7ff64cd5d60e+187294]\nE       \tGetHandleVerifier [0x0x7ff64cd6557f+219919]\nE       \tGetHandleVerifier [0x0x7ff64cd4c294+116772]\nE       \tGetHandleVerifier [0x0x7ff64cd4c449+117209]\nE       \tGetHandleVerifier [0x0x7ff64cd32618+11176]\nE       \tBaseThreadInitThunk [0x0x7ffdf8327374+20]\nE       \tRtlUserThreadStart [0x0x7ffdf8d7cc91+33]\n\n.venv\\lib\\site-packages\\selenium\\webdriver\\support\\wait.py:138: TimeoutException"}, "steps": [{"name": "Загружаем куки и переходим к оформлению", "status": "passed", "start": 1758374622764, "stop": 1758374624698}, {"name": "Заполняем данные для доставки", "status": "broken", "statusDetails": {"message": "selenium.common.exceptions.TimeoutException: Message: \nStacktrace:\n\tGetHandleVerifier [0x0x7ff64cd430f5+79493]\n\tGetHandleVerifier [0x0x7ff64cd43150+79584]\n\t(No symbol) [0x0x7ff64cac01ba]\n\t(No symbol) [0x0x7ff64cb18067]\n\t(No symbol) [0x0x7ff64cb1832c]\n\t(No symbol) [0x0x7ff64cb6be27]\n\t(No symbol) [0x0x7ff64cb4074f]\n\t(No symbol) [0x0x7ff64cb68b8b]\n\t(No symbol) [0x0x7ff64cb404e3]\n\t(No symbol) [0x0x7ff64cb08e92]\n\t(No symbol) [0x0x7ff64cb09c63]\n\tGetHandleVerifier [0x0x7ff64d000dbd+2954061]\n\tGetHandleVerifier [0x0x7ff64cffb02a+2930106]\n\tGetHandleVerifier [0x0x7ff64d01b357+3061991]\n\tGetHandleVerifier [0x0x7ff64cd5d60e+187294]\n\tGetHandleVerifier [0x0x7ff64cd6557f+219919]\n\tGetHandleVerifier [0x0x7ff64cd4c294+116772]\n\tGetHandleVerifier [0x0x7ff64cd4c449+117209]\n\tGetHandleVerifier [0x0x7ff64cd32618+11176]\n\tBaseThreadInitThunk [0x0x7ffdf8327374+20]\n\tRtlUserThreadStart [0x0x7ffdf8d7cc91+33]\n\n", "trace": "  File \"C:\\Users\\Tremor\\PycharmProjects\\POMProjects\\test\\test_site_saucedemo.py\", line 81, in test_check_out_clik\n    self.complete_check.check_enter_first_name()\n  File \"C:\\Users\\Tremor\\PycharmProjects\\POMProjects\\.venv\\lib\\site-packages\\allure_commons\\_allure.py\", line 202, in impl\n    return func(*a, **kw)\n  File \"C:\\Users\\Tremor\\PycharmProjects\\POMProjects\\pages\\checkout_page.py\", line 20, in check_enter_first_name\n    check_first_name: WebElement = self.wait.until(self.EC.element_to_be_clickable(self._FIRST_NAME))\n  File \"C:\\Users\\Tremor\\PycharmProjects\\POMProjects\\.venv\\lib\\site-packages\\selenium\\webdriver\\support\\wait.py\", line 138, in until\n    raise TimeoutException(message, screen, stacktrace)\n"}, "steps": [{"name": "load checkout first name", "status": "broken", "statusDetails": {"message": "selenium.common.exceptions.TimeoutException: Message: \nStacktrace:\n\tGetHandleVerifier [0x0x7ff64cd430f5+79493]\n\tGetHandleVerifier [0x0x7ff64cd43150+79584]\n\t(No symbol) [0x0x7ff64cac01ba]\n\t(No symbol) [0x0x7ff64cb18067]\n\t(No symbol) [0x0x7ff64cb1832c]\n\t(No symbol) [0x0x7ff64cb6be27]\n\t(No symbol) [0x0x7ff64cb4074f]\n\t(No symbol) [0x0x7ff64cb68b8b]\n\t(No symbol) [0x0x7ff64cb404e3]\n\t(No symbol) [0x0x7ff64cb08e92]\n\t(No symbol) [0x0x7ff64cb09c63]\n\tGetHandleVerifier [0x0x7ff64d000dbd+2954061]\n\tGetHandleVerifier [0x0x7ff64cffb02a+2930106]\n\tGetHandleVerifier [0x0x7ff64d01b357+3061991]\n\tGetHandleVerifier [0x0x7ff64cd5d60e+187294]\n\tGetHandleVerifier [0x0x7ff64cd6557f+219919]\n\tGetHandleVerifier [0x0x7ff64cd4c294+116772]\n\tGetHandleVerifier [0x0x7ff64cd4c449+117209]\n\tGetHandleVerifier [0x0x7ff64cd32618+11176]\n\tBaseThreadInitThunk [0x0x7ffdf8327374+20]\n\tRtlUserThreadStart [0x0x7ffdf8d7cc91+33]\n\n", "trace": "  File \"C:\\Users\\Tremor\\PycharmProjects\\POMProjects\\.venv\\lib\\site-packages\\allure_commons\\_allure.py\", line 202, in impl\n    return func(*a, **kw)\n  File \"C:\\Users\\Tremor\\PycharmProjects\\POMProjects\\pages\\checkout_page.py\", line 20, in check_enter_first_name\n    check_first_name: WebElement = self.wait.until(self.EC.element_to_be_clickable(self._FIRST_NAME))\n  File \"C:\\Users\\Tremor\\PycharmProjects\\POMProjects\\.venv\\lib\\site-packages\\selenium\\webdriver\\support\\wait.py\", line 138, in until\n    raise TimeoutException(message, screen, stacktrace)\n"}, "start": 1758374624698, "stop": 1758374634996}], "start": 1758374624698, "stop": 1758374634998}], "start": 1758374622764, "stop": 1758374634998, "uuid": "9a09536f-3011-47d6-81aa-5501e9a9255f", "historyId": "7cdc460de8d536c905eabe5de32240d6", "testCaseId": "7cdc460de8d536c905eabe5de32240d6", "fullName": "test.test_site_saucedemo.TestSite#test_check_out_clik", "labels": [{"name": "feature", "value": "Оформление заказа"}, {"name": "story", "value": "Полный процесс checkout"}, {"name": "severity", "value": "critical"}, {"name": "epic", "value": "Saucedemo Tests"}, {"name": "parentSuite", "value": "test"}, {"name": "suite", "value": "test_site_saucedemo"}, {"name": "subSuite", "value": "TestSite"}, {"name": "host", "value": "DESKTOP-1Q2SDKC"}, {"name": "thread", "value": "16820-MainThread"}, {"name": "framework", "value": "pytest"}, {"name": "language", "value": "cpython3"}, {"name": "package", "value": "test.test_site_saucedemo"}], "titlePath": ["test", "test_site_saucedemo.py", "TestSite"]}